<component name="libraryTable">
  <library name="junit-jupiter-params-5.0.0">
    <CLASSES>
      <root url="jar://C:/Program Files/Java/Junit params/junit-jupiter-params-5.0.0.jar!/" />
    </CLASSES>
    <JAVADOC />
    <SOURCES />
  </library>
</component>